TN:
SF:components/auth/auth-card.tsx
FN:33,AuthCard
FN:44,(anonymous_2)
FN:83,(anonymous_3)
FN:93,(anonymous_4)
FN:104,(anonymous_5)
FNF:5
FNH:4
FNDA:6,AuthCard
FNDA:1,(anonymous_2)
FNDA:1,(anonymous_3)
FNDA:1,(anonymous_4)
FNDA:0,(anonymous_5)
DA:3,1
DA:4,1
DA:6,1
DA:7,1
DA:8,1
DA:9,1
DA:10,1
DA:11,1
DA:12,1
DA:16,1
DA:33,2
DA:34,6
DA:35,6
DA:36,6
DA:38,6
DA:39,6
DA:40,6
DA:41,6
DA:42,6
DA:44,6
DA:45,1
DA:46,1
DA:48,1
DA:49,0
DA:50,0
DA:53,1
DA:55,1
DA:56,1
DA:57,0
DA:58,0
DA:60,1
DA:62,1
DA:64,0
DA:66,1
DA:83,1
DA:93,1
DA:104,0
LF:37
LH:31
BRDA:48,0,0,0
BRDA:48,0,1,1
BRDA:48,1,0,1
BRDA:48,1,1,0
BRDA:56,2,0,0
BRDA:56,2,1,1
BRDA:64,3,0,0
BRDA:64,3,1,0
BRDA:91,4,0,1
BRDA:91,4,1,5
BRDA:95,5,0,6
BRDA:109,6,0,6
BRDA:116,7,0,1
BRDA:116,7,1,5
BRF:14
BRH:9
end_of_record
TN:
SF:components/download/download-file-card.tsx
FN:20,expiryTone
FN:24,DownloadFileCard
FN:32,(anonymous_3)
FN:36,(anonymous_4)
FN:41,(anonymous_5)
FN:48,(anonymous_6)
FN:54,(anonymous_7)
FN:59,(anonymous_8)
FN:124,(anonymous_9)
FNF:9
FNH:9
FNDA:9,expiryTone
FNDA:14,DownloadFileCard
FNDA:4,(anonymous_3)
FNDA:3,(anonymous_4)
FNDA:1,(anonymous_5)
FNDA:4,(anonymous_6)
FNDA:4,(anonymous_7)
FNDA:2,(anonymous_8)
FNDA:2,(anonymous_9)
DA:3,1
DA:5,1
DA:6,1
DA:7,1
DA:8,1
DA:9,1
DA:10,1
DA:11,1
DA:12,1
DA:13,1
DA:16,1
DA:17,1
DA:21,9
DA:24,4
DA:25,14
DA:26,14
DA:27,14
DA:28,14
DA:29,14
DA:30,14
DA:32,14
DA:33,4
DA:35,4
DA:37,3
DA:38,3
DA:42,1
DA:43,0
DA:45,1
DA:46,1
DA:49,4
DA:50,4
DA:54,4
DA:55,4
DA:59,14
DA:60,2
DA:61,0
DA:64,2
DA:65,2
DA:67,2
DA:68,2
DA:69,1
DA:71,1
DA:72,1
DA:73,1
DA:74,0
DA:75,0
DA:77,0
DA:80,2
DA:84,14
DA:93,10
DA:102,9
DA:124,2
LF:52
LH:47
BRDA:21,0,0,0
BRDA:21,0,1,9
BRDA:37,1,0,3
BRDA:37,1,1,0
BRDA:42,2,0,0
BRDA:42,2,1,1
BRDA:45,3,0,1
BRDA:45,3,1,0
BRDA:46,4,0,0
BRDA:46,4,1,1
BRDA:49,5,0,4
BRDA:49,5,1,0
BRDA:60,6,0,0
BRDA:60,6,1,2
BRDA:68,7,0,2
BRDA:68,7,1,0
BRDA:71,8,0,1
BRDA:71,8,1,0
BRDA:72,9,0,1
BRDA:72,9,1,0
BRDA:74,10,0,0
BRDA:74,10,1,0
BRDA:84,11,0,4
BRDA:84,11,1,10
BRDA:93,12,0,1
BRDA:93,12,1,9
BRDA:102,13,0,9
BRDA:102,13,1,9
BRDA:117,14,0,9
BRDA:128,15,0,9
BRDA:131,16,0,9
BRDA:131,16,1,6
BRDA:133,17,0,2
BRDA:133,17,1,7
BRF:34
BRH:22
end_of_record
TN:
SF:components/ui/button-link.tsx
FN:26,ButtonLink
FNF:1
FNH:1
FNDA:6,ButtonLink
DA:1,1
DA:6,1
DA:11,1
DA:26,6
LF:4
LH:4
BRDA:27,0,0,0
BRDA:28,1,0,6
BRDA:29,2,0,0
BRDA:30,3,0,6
BRDA:38,4,0,6
BRDA:38,4,1,0
BRF:6
BRH:3
end_of_record
TN:
SF:components/ui/button.tsx
FN:34,Button
FNF:1
FNH:1
FNDA:33,Button
DA:6,3
DA:11,3
DA:20,3
DA:34,33
DA:44,33
LF:5
LH:5
BRDA:35,0,0,24
BRDA:36,1,0,26
BRDA:37,2,0,18
BRDA:38,3,0,11
BRDA:39,4,0,33
BRDA:40,5,0,27
BRDA:44,6,0,9
BRDA:44,6,1,24
BRDA:52,7,0,15
BRDA:52,7,1,18
BRDA:53,8,0,9
BRDA:53,8,1,24
BRF:12
BRH:12
end_of_record
TN:
SF:components/ui/callout.tsx
FN:17,Callout
FNF:1
FNH:1
FNDA:12,Callout
DA:1,3
DA:5,3
DA:11,3
DA:17,12
DA:18,12
LF:5
LH:5
BRDA:22,0,0,3
BRDA:22,0,1,9
BRF:2
BRH:2
end_of_record
TN:
SF:components/ui/card.tsx
FN:4,Card
FN:14,CardTitle
FNF:2
FNH:2
FNDA:29,Card
FNDA:29,CardTitle
DA:4,29
DA:14,29
LF:2
LH:2
BRDA:4,0,0,29
BRF:1
BRH:1
end_of_record
TN:
SF:components/ui/file-summary.tsx
FN:14,FileSummary
FNF:1
FNH:1
FNDA:18,FileSummary
DA:3,2
DA:4,2
DA:14,18
LF:3
LH:3
BRF:0
BRH:0
end_of_record
TN:
SF:components/ui/file-type-icon.tsx
FN:4,FileTypeIcon
FNF:1
FNH:1
FNDA:18,FileTypeIcon
DA:1,2
DA:4,18
DA:5,18
DA:9,18
DA:13,18
LF:5
LH:5
BRDA:5,0,0,0
BRDA:5,0,1,18
BRDA:9,1,0,0
BRDA:9,1,1,18
BRDA:13,2,0,0
BRDA:13,2,1,18
BRF:6
BRH:3
end_of_record
TN:
SF:components/ui/icons.tsx
FN:13,Icon
FN:21,UploadCloudIcon
FN:32,DownloadCloudIcon
FN:42,FileIcon
FN:53,ImageFileIcon
FN:64,AudioFileIcon
FN:74,VideoFileIcon
FN:84,CopyIcon
FN:93,LockIcon
FN:102,TrashIcon
FN:113,ArrowRightIcon
FN:122,LogOutIcon
FN:132,InfoIcon
FN:142,AlertTriangleIcon
FN:152,AlertOctagonIcon
FN:162,ChevronDownIcon
FNF:16
FNH:8
FNDA:58,Icon
FNDA:10,UploadCloudIcon
FNDA:9,DownloadCloudIcon
FNDA:18,FileIcon
FNDA:0,ImageFileIcon
FNDA:0,AudioFileIcon
FNDA:0,VideoFileIcon
FNDA:2,CopyIcon
FNDA:0,LockIcon
FNDA:0,TrashIcon
FNDA:0,ArrowRightIcon
FNDA:0,LogOutIcon
FNDA:9,InfoIcon
FNDA:0,AlertTriangleIcon
FNDA:3,AlertOctagonIcon
FNDA:7,ChevronDownIcon
DA:5,3
DA:21,10
DA:32,9
DA:42,18
DA:53,0
DA:64,0
DA:74,0
DA:84,2
DA:93,0
DA:102,0
DA:113,0
DA:122,0
DA:132,3
DA:142,3
DA:152,3
DA:162,7
LF:16
LH:9
BRDA:13,0,0,30
BRF:1
BRH:1
end_of_record
TN:
SF:components/ui/select-field.tsx
FN:16,SelectField
FN:30,(anonymous_2)
FNF:2
FNH:2
FNDA:7,SelectField
FNDA:49,(anonymous_2)
DA:1,1
DA:4,1
DA:16,7
DA:17,7
DA:31,49
LF:5
LH:5
BRDA:16,0,0,7
BRF:1
BRH:1
end_of_record
TN:
SF:components/ui/share-link-field.tsx
FN:6,ShareLinkField
FN:9,(anonymous_2)
FNF:2
FNH:1
FNDA:2,ShareLinkField
FNDA:0,(anonymous_2)
DA:1,1
DA:2,1
DA:3,1
DA:6,2
DA:7,2
DA:9,2
DA:10,0
DA:11,0
LF:8
LH:6
BRDA:28,0,0,0
BRDA:28,0,1,2
BRF:2
BRH:1
end_of_record
TN:
SF:components/ui/text-field.tsx
FN:10,TextField
FNF:1
FNH:1
FNDA:29,TextField
DA:1,3
DA:10,29
DA:11,29
DA:12,29
LF:4
LH:4
BRDA:10,0,0,29
BRDA:21,1,0,0
BRDA:21,1,1,29
BRDA:21,2,0,29
BRDA:21,2,1,29
BRDA:22,3,0,0
BRDA:22,3,1,29
BRDA:24,4,0,0
BRDA:24,4,1,29
BRDA:28,5,0,29
BRDA:28,5,1,29
BRDA:31,6,0,0
BRDA:31,6,1,0
BRDA:33,7,0,0
BRDA:33,7,1,0
BRF:15
BRH:8
end_of_record
TN:
SF:components/upload/file-upload.tsx
FN:17,FileUpload
FN:25,(anonymous_2)
FN:33,(anonymous_3)
FNF:3
FNH:3
FNDA:12,FileUpload
FNDA:3,(anonymous_2)
FNDA:33,(anonymous_3)
DA:5,1
DA:6,1
DA:17,12
DA:25,12
DA:26,3
DA:28,3
DA:29,0
DA:32,3
DA:33,3
DA:34,33
DA:37,3
DA:38,0
DA:39,0
DA:40,0
DA:43,3
DA:44,0
DA:45,0
DA:46,0
DA:49,3
LF:19
LH:12
BRDA:21,0,0,12
BRDA:22,1,0,12
BRDA:28,2,0,0
BRDA:28,2,1,3
BRDA:37,3,0,0
BRDA:37,3,1,3
BRDA:43,4,0,0
BRDA:43,4,1,3
BRF:8
BRH:5
end_of_record
TN:
SF:components/upload/share-file-flow.tsx
FN:19,ShareFileFlow
FN:28,(anonymous_2)
FN:30,(anonymous_3)
FN:41,(anonymous_4)
FN:46,(anonymous_5)
FNF:5
FNH:3
FNDA:12,ShareFileFlow
FNDA:0,(anonymous_2)
FNDA:0,(anonymous_3)
FNDA:3,(anonymous_4)
FNDA:3,(anonymous_5)
DA:3,1
DA:5,1
DA:6,1
DA:7,1
DA:8,1
DA:9,1
DA:10,1
DA:11,1
DA:12,1
DA:19,3
DA:20,12
DA:21,12
DA:22,12
DA:23,12
DA:24,12
DA:25,12
DA:26,12
DA:28,12
DA:30,12
DA:31,0
DA:32,0
DA:33,0
DA:34,0
DA:35,0
DA:36,0
DA:37,0
DA:41,12
DA:42,3
DA:43,3
DA:46,12
DA:47,3
DA:48,0
DA:51,3
DA:52,3
DA:54,3
DA:62,3
DA:63,3
DA:66,2
DA:68,1
DA:70,3
LF:40
LH:32
BRDA:36,0,0,0
BRDA:36,0,1,0
BRDA:47,1,0,0
BRDA:47,1,1,3
BRDA:57,2,0,3
BRDA:57,2,1,0
BRDA:59,3,0,3
BRDA:59,3,1,3
BRDA:63,4,0,1
BRDA:63,4,1,2
BRDA:68,5,0,1
BRDA:68,5,1,0
BRDA:77,6,0,2
BRDA:79,7,0,2
BRDA:79,7,1,0
BRDA:84,8,0,7
BRF:16
BRH:10
end_of_record
TN:
SF:components/upload/upload-form.tsx
FN:11,(anonymous_1)
FN:28,UploadForm
FN:72,(anonymous_3)
FN:79,(anonymous_4)
FNF:4
FNH:2
FNDA:7,(anonymous_1)
FNDA:7,UploadForm
FNDA:0,(anonymous_3)
FNDA:0,(anonymous_4)
DA:1,1
DA:2,1
DA:3,1
DA:4,1
DA:5,1
DA:6,1
DA:7,1
DA:8,1
DA:9,1
DA:11,7
DA:28,7
DA:39,7
DA:40,7
DA:41,7
DA:72,0
DA:79,0
LF:16
LH:14
BRDA:40,0,0,7
BRDA:40,0,1,0
BRDA:41,1,0,7
BRDA:41,1,1,7
BRDA:41,1,2,7
BRDA:50,2,0,7
BRDA:50,2,1,0
BRDA:58,3,0,7
BRDA:73,4,0,0
BRDA:73,4,1,7
BRDA:83,5,0,7
BRDA:87,6,0,3
BRDA:87,6,1,4
BRF:13
BRH:10
end_of_record
TN:
SF:components/upload/upload-hero.tsx
FN:5,UploadHero
FNF:1
FNH:1
FNDA:3,UploadHero
DA:1,1
DA:2,1
DA:5,3
LF:3
LH:3
BRDA:28,0,0,3
BRF:1
BRH:1
end_of_record
TN:
SF:components/upload/upload-success.tsx
FN:8,retentionLabelFor
FN:9,(anonymous_2)
FN:20,UploadSuccess
FNF:3
FNH:3
FNDA:2,retentionLabelFor
FNDA:14,(anonymous_2)
FNDA:2,UploadSuccess
DA:1,1
DA:2,1
DA:3,1
DA:4,1
DA:5,1
DA:9,14
DA:10,2
DA:20,2
LF:8
LH:8
BRDA:10,0,0,2
BRDA:10,0,1,0
BRF:2
BRH:1
end_of_record
TN:
SF:lib/config.ts
FN:8,(anonymous_8)
FNF:1
FNH:1
FNDA:3,(anonymous_8)
DA:1,4
DA:3,6
DA:8,3
DA:11,4
DA:21,12
DA:24,19
DA:27,12
DA:41,7
LF:8
LH:8
BRDA:1,0,0,4
BRDA:1,0,1,4
BRF:2
BRH:2
end_of_record
TN:
SF:lib/format.ts
FN:7,formatFileSize
FN:24,getDaysUntilExpiry
FN:29,isExpired
FN:34,formatExpiryLabel
FN:45,formatExpirySentence
FN:58,buildShareLink
FNF:6
FNH:6
FNDA:21,formatFileSize
FNDA:22,getDaysUntilExpiry
FNDA:1,isExpired
FNDA:2,formatExpiryLabel
FNDA:10,formatExpirySentence
FNDA:3,buildShareLink
DA:1,3
DA:3,3
DA:4,3
DA:5,3
DA:7,21
DA:8,21
DA:9,1
DA:12,20
DA:16,20
DA:17,20
DA:21,20
DA:24,9
DA:25,22
DA:26,22
DA:29,1
DA:30,1
DA:34,2
DA:35,2
DA:37,2
DA:38,1
DA:41,1
DA:45,10
DA:46,10
DA:48,10
DA:49,0
DA:52,10
DA:58,3
DA:59,3
DA:60,3
LF:29
LH:28
BRDA:8,0,0,1
BRDA:8,0,1,20
BRDA:8,1,0,21
BRDA:8,1,1,21
BRDA:18,2,0,18
BRDA:18,2,1,2
BRDA:18,3,0,20
BRDA:18,3,1,9
BRDA:37,4,0,1
BRDA:37,4,1,1
BRDA:41,5,0,1
BRDA:41,5,1,0
BRDA:48,6,0,0
BRDA:48,6,1,10
BRDA:52,7,0,1
BRDA:52,7,1,9
BRDA:59,8,0,0
BRDA:59,8,1,3
BRF:18
BRH:15
end_of_record
TN:
SF:lib/session.ts
FN:18,parseUser
FN:26,readSnapshot
FN:37,notifySessionChanged
FN:39,(anonymous_11)
FN:43,getSessionSnapshot
FN:48,getServerSessionSnapshot
FN:52,subscribeToSession
FN:56,(anonymous_15)
FN:62,getAccessToken
FN:70,hasActiveSession
FN:74,startSession
FN:80,endSession
FNF:12
FNH:0
FNDA:0,parseUser
FNDA:0,readSnapshot
FNDA:0,notifySessionChanged
FNDA:0,(anonymous_11)
FNDA:0,getSessionSnapshot
FNDA:0,getServerSessionSnapshot
FNDA:0,subscribeToSession
FNDA:0,(anonymous_15)
FNDA:0,getAccessToken
FNDA:0,hasActiveSession
FNDA:0,startSession
FNDA:0,endSession
DA:3,1
DA:4,1
DA:13,1
DA:15,1
DA:16,1
DA:19,0
DA:20,0
DA:22,0
DA:27,0
DA:28,0
DA:30,0
DA:38,0
DA:39,0
DA:43,0
DA:44,0
DA:45,0
DA:48,0
DA:49,0
DA:52,0
DA:53,0
DA:54,0
DA:56,0
DA:57,0
DA:58,0
DA:62,0
DA:63,0
DA:64,0
DA:67,0
DA:70,0
DA:71,0
DA:74,0
DA:75,0
DA:76,0
DA:77,0
DA:80,0
DA:81,0
DA:82,0
DA:83,0
LF:38
LH:5
BRDA:27,0,0,0
BRDA:27,0,1,0
BRDA:28,1,0,0
BRDA:28,1,1,0
BRDA:33,2,0,0
BRDA:33,2,1,0
BRDA:63,3,0,0
BRDA:63,3,1,0
BRF:8
BRH:0
end_of_record
TN:
SF:lib/api/http-client.ts
FN:8,(anonymous_4)
FN:24,buildHeaders
FN:41,toApiError
FN:42,(anonymous_7)
FN:49,sendRequest
FN:63,requestJson
FN:76,requestBlob
FNF:7
FNH:1
FNDA:2,(anonymous_4)
FNDA:0,buildHeaders
FNDA:0,toApiError
FNDA:0,(anonymous_7)
FNDA:0,sendRequest
FNDA:0,requestJson
FNDA:0,requestBlob
DA:1,1
DA:2,1
DA:4,4
DA:9,2
DA:10,2
DA:11,2
DA:12,2
DA:25,0
DA:27,0
DA:28,0
DA:31,0
DA:32,0
DA:33,0
DA:34,0
DA:38,0
DA:42,0
DA:44,0
DA:46,0
DA:50,0
DA:56,0
DA:57,0
DA:60,0
DA:63,0
DA:67,0
DA:69,0
DA:70,0
DA:73,0
DA:76,0
DA:77,0
DA:78,0
LF:30
LH:7
BRDA:24,0,0,0
BRDA:24,1,0,0
BRDA:27,2,0,0
BRDA:27,2,1,0
BRDA:27,3,0,0
BRDA:27,3,1,0
BRDA:31,4,0,0
BRDA:31,4,1,0
BRDA:33,5,0,0
BRDA:33,5,1,0
BRDA:44,6,0,0
BRDA:44,6,1,0
BRDA:51,7,0,0
BRDA:51,7,1,0
BRDA:56,8,0,0
BRDA:56,8,1,0
BRDA:65,9,0,0
BRDA:69,10,0,0
BRDA:69,10,1,0
BRDA:76,11,0,0
BRF:20
BRH:0
end_of_record
